[SQL_LOG:2024-09-11 10:19:25]:  SELECT  client_id, username, first_name, last_name, first_name_kana, last_name_kana, company_name, email, phone_number, sex, pref, city, pref, town, website, regist_at, is_deleted  FROM  clients     []
[SQL_LOG:2024-09-11 10:19:25]:  SELECT  client_id, first_name, last_name, first_name_kana, last_name_kana, email, phone_number, sex, pref, city, pref, town, regist_at, is_deleted  FROM  customers     []
[SQL_LOG:2024-09-11 10:20:37]:  SELECT  client_id, username, first_name, last_name, first_name_kana, last_name_kana, company_name, email, phone_number, sex, pref, city, pref, town, website, regist_at, is_deleted  FROM  clients     []
[SQL_LOG:2024-09-11 10:20:37]:  SELECT  customer_id, username, first_name, last_name, first_name_kana, last_name_kana, email, phone_number, sex, pref, city, pref, town, regist_at, is_deleted  FROM  customers     []
[SQL_LOG:2024-09-11 14:13:01]:  SELECT  client_id, username, first_name, last_name, first_name_kana, last_name_kana, company_name, email, phone_number, sex, pref, city, pref, town, website, regist_at, is_deleted  FROM  clients     []
[SQL_LOG:2024-09-11 14:14:41]:  SELECT  client_id, username, first_name, last_name, first_name_kana, last_name_kana, company_name, email, phone_number, sex, pref, city, pref, town, website, regist_at, is_deleted  FROM  clients     []
[SQL_LOG:2024-09-11 14:14:41]:  SELECT  session_id, user_id, created_at, is_active FROM  sessions  WHERE  user_type = ?     [client]
[SQL_LOG:2024-09-11 14:14:41]:  SELECT  customer_id, username, first_name, last_name, first_name_kana, last_name_kana, email, phone_number, sex, pref, city, pref, town, regist_at, is_deleted  FROM  customers     []
[SQL_LOG:2024-09-11 14:15:54]:  SELECT  client_id, username, first_name, last_name, first_name_kana, last_name_kana, company_name, email, phone_number, sex, pref, city, pref, town, website, regist_at, is_deleted  FROM  clients     []
[SQL_LOG:2024-09-11 14:15:54]:  SELECT  session_id, user_id, created_at, is_active FROM  sessions  WHERE  user_type = ?     [client]
[SQL_LOG:2024-09-11 14:15:54]:  SELECT  customer_id, username, first_name, last_name, first_name_kana, last_name_kana, email, phone_number, sex, pref, city, pref, town, regist_at, is_deleted  FROM  customers     []
[SQL_LOG:2024-09-11 14:16:50]:  SELECT  client_id, username, first_name, last_name, first_name_kana, last_name_kana, company_name, email, phone_number, sex, pref, city, pref, town, website, regist_at, is_deleted  FROM  clients     []
[SQL_LOG:2024-09-11 14:16:50]:  SELECT  session_id, user_id, created_at, is_active FROM  sessions  WHERE  user_type = ?     [client]
[SQL_LOG:2024-09-11 14:16:50]:  SELECT  customer_id, username, first_name, last_name, first_name_kana, last_name_kana, email, phone_number, sex, pref, city, pref, town, regist_at, is_deleted  FROM  customers     []
[SQL_LOG:2024-09-11 14:19:05]:  SELECT  client_id, username, first_name, last_name, first_name_kana, last_name_kana, company_name, email, phone_number, sex, pref, city, pref, town, website, regist_at, is_deleted  FROM  clients     []
[SQL_LOG:2024-09-11 14:19:05]:  SELECT  session_id, user_id, created_at, is_active FROM  sessions  WHERE  user_type = ?     [client]
[SQL_LOG:2024-09-11 14:19:05]:  SELECT  customer_id, username, first_name, last_name, first_name_kana, last_name_kana, email, phone_number, sex, pref, city, pref, town, regist_at, is_deleted  FROM  customers     []
[SQL_LOG:2024-09-11 14:20:06]:  SELECT  client_id, username, first_name, last_name, first_name_kana, last_name_kana, company_name, email, phone_number, sex, pref, city, pref, town, website, regist_at, is_deleted  FROM  clients     []
[SQL_LOG:2024-09-11 14:20:06]:  SELECT  session_id, user_id, created_at, is_active FROM  sessions  WHERE  user_type = ?     [client]
[SQL_LOG:2024-09-11 14:20:06]:  SELECT  customer_id, username, first_name, last_name, first_name_kana, last_name_kana, email, phone_number, sex, pref, city, pref, town, regist_at, is_deleted  FROM  customers     []
[SQL_LOG:2024-09-11 14:20:19]:  SELECT  client_id, username, first_name, last_name, first_name_kana, last_name_kana, company_name, email, phone_number, sex, pref, city, pref, town, website, regist_at, is_deleted  FROM  clients     []
[SQL_LOG:2024-09-11 14:20:19]:  SELECT  session_id, user_id, created_at, is_active FROM  sessions  WHERE  user_type = ?     [client]
[SQL_LOG:2024-09-11 14:20:19]:  SELECT  customer_id, username, first_name, last_name, first_name_kana, last_name_kana, email, phone_number, sex, pref, city, pref, town, regist_at, is_deleted  FROM  customers     []
[SQL_LOG:2024-09-11 14:22:15]:  SELECT  client_id, username, first_name, last_name, first_name_kana, last_name_kana, company_name, email, phone_number, sex, pref, city, pref, town, website, regist_at, is_deleted  FROM  clients     []
[SQL_LOG:2024-09-11 14:22:15]:  SELECT  session_id, user_id, created_at, is_active FROM  sessions  WHERE  user_type = ?     [client]
[SQL_LOG:2024-09-11 14:22:15]:  SELECT  customer_id, username, first_name, last_name, first_name_kana, last_name_kana, email, phone_number, sex, pref, city, pref, town, regist_at, is_deleted  FROM  customers     []
[SQL_LOG:2024-09-11 14:23:36]:  SELECT  client_id, username, first_name, last_name, first_name_kana, last_name_kana, company_name, email, phone_number, sex, pref, city, pref, town, website, regist_at, is_deleted  FROM  clients     []
[SQL_LOG:2024-09-11 14:23:36]:  SELECT  session_id, user_id, created_at, is_active FROM  sessions  WHERE  user_type = ?     [client]
[SQL_LOG:2024-09-11 14:23:36]:  SELECT  customer_id, username, first_name, last_name, first_name_kana, last_name_kana, email, phone_number, sex, pref, city, pref, town, regist_at, is_deleted  FROM  customers     []
[SQL_LOG:2024-09-11 14:23:38]:  SELECT  client_id, username, first_name, last_name, first_name_kana, last_name_kana, company_name, email, phone_number, sex, pref, city, pref, town, website, regist_at, is_deleted  FROM  clients     []
[SQL_LOG:2024-09-11 14:23:38]:  SELECT  session_id, user_id, created_at, is_active FROM  sessions  WHERE  user_type = ?     [client]
[SQL_LOG:2024-09-11 14:23:38]:  SELECT  customer_id, username, first_name, last_name, first_name_kana, last_name_kana, email, phone_number, sex, pref, city, pref, town, regist_at, is_deleted  FROM  customers     []
[SQL_LOG:2024-09-11 14:26:16]:  SELECT  client_id, username, first_name, last_name, first_name_kana, last_name_kana, company_name, email, phone_number, sex, pref, city, pref, town, website, regist_at, is_deleted  FROM  clients     []
[SQL_LOG:2024-09-11 14:26:16]:  SELECT  session_id, user_id, created_at, is_active FROM  sessions  WHERE  user_type = ?     [client]
[SQL_LOG:2024-09-11 14:26:16]:  SELECT  customer_id, username, first_name, last_name, first_name_kana, last_name_kana, email, phone_number, sex, pref, city, pref, town, regist_at, is_deleted  FROM  customers     []
[SQL_LOG:2024-09-11 14:26:17]:  SELECT  client_id, username, first_name, last_name, first_name_kana, last_name_kana, company_name, email, phone_number, sex, pref, city, pref, town, website, regist_at, is_deleted  FROM  clients     []
[SQL_LOG:2024-09-11 14:26:17]:  SELECT  session_id, user_id, created_at, is_active FROM  sessions  WHERE  user_type = ?     [client]
[SQL_LOG:2024-09-11 14:26:17]:  SELECT  customer_id, username, first_name, last_name, first_name_kana, last_name_kana, email, phone_number, sex, pref, city, pref, town, regist_at, is_deleted  FROM  customers     []
[SQL_LOG:2024-09-11 14:27:39]:  SELECT  client_id, username, first_name, last_name, first_name_kana, last_name_kana, company_name, email, phone_number, sex, pref, city, pref, town, website, regist_at, is_deleted  FROM  clients     []
[SQL_LOG:2024-09-11 14:27:39]:  SELECT  session_id, user_id, created_at, is_active FROM  sessions  WHERE  user_type = ?     [client]
[SQL_LOG:2024-09-11 14:27:39]:  SELECT  customer_id, username, first_name, last_name, first_name_kana, last_name_kana, email, phone_number, sex, pref, city, pref, town, regist_at, is_deleted  FROM  customers     []
[SQL_LOG:2024-09-11 14:28:07]:  SELECT  client_id, username, first_name, last_name, first_name_kana, last_name_kana, company_name, email, phone_number, sex, pref, city, pref, town, website, regist_at, is_deleted  FROM  clients     []
[SQL_LOG:2024-09-11 14:28:07]:  SELECT  session_id, user_id, created_at, is_active FROM  sessions  WHERE  user_type = ?     [client]
[SQL_LOG:2024-09-11 14:28:07]:  SELECT  customer_id, username, first_name, last_name, first_name_kana, last_name_kana, email, phone_number, sex, pref, city, pref, town, regist_at, is_deleted  FROM  customers     []
[SQL_LOG:2024-09-11 14:28:08]:  SELECT  client_id, username, first_name, last_name, first_name_kana, last_name_kana, company_name, email, phone_number, sex, pref, city, pref, town, website, regist_at, is_deleted  FROM  clients     []
[SQL_LOG:2024-09-11 14:28:08]:  SELECT  session_id, user_id, created_at, is_active FROM  sessions  WHERE  user_type = ?     [client]
[SQL_LOG:2024-09-11 14:28:08]:  SELECT  customer_id, username, first_name, last_name, first_name_kana, last_name_kana, email, phone_number, sex, pref, city, pref, town, regist_at, is_deleted  FROM  customers     []
[SQL_LOG:2024-09-11 14:28:16]:  SELECT  client_id, username, first_name, last_name, first_name_kana, last_name_kana, company_name, email, phone_number, sex, pref, city, pref, town, website, regist_at, is_deleted  FROM  clients     []
[SQL_LOG:2024-09-11 14:28:16]:  SELECT  session_id, user_id, created_at, is_active FROM  sessions  WHERE  user_type = ?     [client]
[SQL_LOG:2024-09-11 14:28:16]:  SELECT  customer_id, username, first_name, last_name, first_name_kana, last_name_kana, email, phone_number, sex, pref, city, pref, town, regist_at, is_deleted  FROM  customers     []
[SQL_LOG:2024-09-11 14:30:32]:  SELECT  client_id, username, first_name, last_name, first_name_kana, last_name_kana, company_name, email, phone_number, sex, pref, city, pref, town, website, regist_at, is_deleted  FROM  clients     []
[SQL_LOG:2024-09-11 14:30:32]:  SELECT  session_id, user_id, created_at, is_active FROM  sessions  WHERE  user_type = ?     [client]
[SQL_LOG:2024-09-11 14:30:33]:  SELECT  customer_id, username, first_name, last_name, first_name_kana, last_name_kana, email, phone_number, sex, pref, city, pref, town, regist_at, is_deleted  FROM  customers     []
[SQL_LOG:2024-09-11 14:30:33]:  SELECT  session_id, user_id, created_at, is_active FROM  sessions  WHERE  user_type = ?     [customer]
[SQL_LOG:2024-09-11 14:30:46]:  SELECT  client_id, username, first_name, last_name, first_name_kana, last_name_kana, company_name, email, phone_number, sex, pref, city, pref, town, website, regist_at, is_deleted  FROM  clients     []
[SQL_LOG:2024-09-11 14:30:46]:  SELECT  session_id, user_id, created_at, is_active FROM  sessions  WHERE  user_type = ?     [client]
[SQL_LOG:2024-09-11 14:30:46]:  SELECT  customer_id, username, first_name, last_name, first_name_kana, last_name_kana, email, phone_number, sex, pref, city, pref, town, regist_at, is_deleted  FROM  customers     []
[SQL_LOG:2024-09-11 14:30:46]:  SELECT  session_id, user_id, created_at, is_active FROM  sessions  WHERE  user_type = ?     [customer]
[SQL_LOG:2024-09-11 14:31:14]:  SELECT  client_id, username, first_name, last_name, first_name_kana, last_name_kana, company_name, email, phone_number, sex, pref, city, pref, town, website, regist_at, is_deleted  FROM  clients     []
[SQL_LOG:2024-09-11 14:31:14]:  SELECT  session_id, user_id, created_at, is_active FROM  sessions  WHERE  user_type = ?     [client]
[SQL_LOG:2024-09-11 14:31:14]:  SELECT  customer_id, username, first_name, last_name, first_name_kana, last_name_kana, email, phone_number, sex, pref, city, pref, town, regist_at, is_deleted  FROM  customers     []
[SQL_LOG:2024-09-11 14:31:14]:  SELECT  session_id, user_id, created_at, is_active FROM  sessions  WHERE  user_type = ?     [customer]
[SQL_LOG:2024-09-11 14:31:47]:  SELECT  client_id, username, first_name, last_name, first_name_kana, last_name_kana, company_name, email, phone_number, sex, pref, city, pref, town, website, regist_at, is_deleted  FROM  clients     []
[SQL_LOG:2024-09-11 14:31:47]:  SELECT  session_id, user_id, created_at, is_active FROM  sessions  WHERE  user_type = ?     [client]
[SQL_LOG:2024-09-11 14:31:47]:  SELECT  customer_id, username, first_name, last_name, first_name_kana, last_name_kana, email, phone_number, sex, pref, city, pref, town, regist_at, is_deleted  FROM  customers     []
[SQL_LOG:2024-09-11 14:31:47]:  SELECT  session_id, user_id, created_at, is_active FROM  sessions  WHERE  user_type = ?     [customer]
[SQL_LOG:2024-09-11 14:32:14]:  SELECT  client_id, username, first_name, last_name, first_name_kana, last_name_kana, company_name, email, phone_number, sex, pref, city, pref, town, website, regist_at, is_deleted  FROM  clients     []
[SQL_LOG:2024-09-11 14:32:14]:  SELECT  session_id, user_id, created_at, is_active FROM  sessions  WHERE  user_type = ?     [client]
[SQL_LOG:2024-09-11 14:32:14]:  SELECT  customer_id, username, first_name, last_name, first_name_kana, last_name_kana, email, phone_number, sex, pref, city, pref, town, regist_at, is_deleted  FROM  customers     []
[SQL_LOG:2024-09-11 14:32:14]:  SELECT  session_id, user_id, created_at, is_active FROM  sessions  WHERE  user_type = ?     [customer]
[SQL_LOG:2024-09-11 14:34:17]:  SELECT  client_id, username, first_name, last_name, first_name_kana, last_name_kana, company_name, email, phone_number, sex, pref, city, pref, town, website, regist_at, is_deleted  FROM  clients     []
[SQL_LOG:2024-09-11 14:34:17]:  SELECT  session_id, user_id, created_at, is_active FROM  sessions  WHERE  user_type = ?     [client]
[SQL_LOG:2024-09-11 14:34:17]:  SELECT  customer_id, username, first_name, last_name, first_name_kana, last_name_kana, email, phone_number, sex, pref, city, pref, town, regist_at, is_deleted  FROM  customers     []
[SQL_LOG:2024-09-11 14:34:17]:  SELECT  session_id, user_id, created_at, is_active FROM  sessions  WHERE  user_type = ?     [customer]
[SQL_LOG:2024-09-11 14:34:57]:  SELECT  client_id, username, first_name, last_name, first_name_kana, last_name_kana, company_name, email, phone_number, sex, pref, city, pref, town, website, regist_at, is_deleted  FROM  clients     []
[SQL_LOG:2024-09-11 14:34:57]:  SELECT  session_id, user_id, created_at, is_active FROM  sessions  WHERE  user_type = ?     [client]
[SQL_LOG:2024-09-11 14:34:57]:  SELECT  customer_id, username, first_name, last_name, first_name_kana, last_name_kana, email, phone_number, sex, pref, city, pref, town, regist_at, is_deleted  FROM  customers     []
[SQL_LOG:2024-09-11 14:34:57]:  SELECT  session_id, user_id, created_at, is_active FROM  sessions  WHERE  user_type = ?     [customer]
[SQL_LOG:2024-09-11 14:36:26]:  SELECT  client_id, username, first_name, last_name, first_name_kana, last_name_kana, company_name, email, phone_number, sex, zip, pref, city, pref, town, website, regist_at, is_deleted  FROM  clients     []
[SQL_LOG:2024-09-11 14:36:26]:  SELECT  session_id, user_id, created_at, is_active FROM  sessions  WHERE  user_type = ?     [client]
[SQL_LOG:2024-09-11 14:36:26]:  SELECT  customer_id, username, first_name, last_name, first_name_kana, last_name_kana, email, phone_number, sex, zip, pref, city, pref, town, regist_at, is_deleted  FROM  customers     []
[SQL_LOG:2024-09-11 14:36:26]:  SELECT  session_id, user_id, created_at, is_active FROM  sessions  WHERE  user_type = ?     [customer]
[SQL_LOG:2024-09-11 14:40:22]:  SELECT  client_id, username, first_name, last_name, first_name_kana, last_name_kana, company_name, email, phone_number, sex, zip, pref, city, pref, town, website, regist_at, is_deleted  FROM  clients     []
[SQL_LOG:2024-09-11 14:40:22]:  SELECT  session_id, user_id, created_at, is_active FROM  sessions  WHERE  user_type = ?     [client]
[SQL_LOG:2024-09-11 14:40:22]:  SELECT  customer_id, username, first_name, last_name, first_name_kana, last_name_kana, email, phone_number, sex, zip, pref, city, pref, town, regist_at, is_deleted  FROM  customers     []
[SQL_LOG:2024-09-11 14:40:22]:  SELECT  session_id, user_id, created_at, is_active FROM  sessions  WHERE  user_type = ?     [customer]
[SQL_LOG:2024-09-11 14:40:55]:  SELECT  client_id, username, first_name, last_name, first_name_kana, last_name_kana, company_name, email, phone_number, sex, zip, pref, city, pref, town, website, regist_at, is_deleted  FROM  clients     []
[SQL_LOG:2024-09-11 14:40:55]:  SELECT  session_id, user_id, created_at, is_active FROM  sessions  WHERE  user_type = ?     [client]
[SQL_LOG:2024-09-11 14:40:55]:  SELECT  customer_id, username, first_name, last_name, first_name_kana, last_name_kana, email, phone_number, sex, zip, pref, city, pref, town, regist_at, is_deleted  FROM  customers     []
[SQL_LOG:2024-09-11 14:40:55]:  SELECT  session_id, user_id, created_at, is_active FROM  sessions  WHERE  user_type = ?     [customer]
[SQL_LOG:2024-09-11 14:41:38]:  SELECT  client_id, username, first_name, last_name, first_name_kana, last_name_kana, company_name, email, phone_number, sex, zip, pref, city, pref, town, website, regist_at, is_deleted  FROM  clients     []
[SQL_LOG:2024-09-11 14:41:38]:  SELECT  session_id, user_id, created_at, is_active FROM  sessions  WHERE  user_type = ?     [client]
[SQL_LOG:2024-09-11 14:41:38]:  SELECT  customer_id, username, first_name, last_name, first_name_kana, last_name_kana, email, phone_number, sex, zip, pref, city, pref, town, regist_at, is_deleted  FROM  customers     []
[SQL_LOG:2024-09-11 14:41:38]:  SELECT  session_id, user_id, created_at, is_active FROM  sessions  WHERE  user_type = ?     [customer]
[SQL_LOG:2024-09-11 14:42:25]:  SELECT  client_id, username, first_name, last_name, first_name_kana, last_name_kana, company_name, email, phone_number, sex, zip, pref, city, pref, town, website, regist_at, is_deleted  FROM  clients     []
[SQL_LOG:2024-09-11 14:42:25]:  SELECT  session_id, user_id, created_at, is_active FROM  sessions  WHERE  user_type = ?     [client]
[SQL_LOG:2024-09-11 14:42:25]:  SELECT  customer_id, username, first_name, last_name, first_name_kana, last_name_kana, email, phone_number, sex, zip, pref, city, pref, town, regist_at, is_deleted  FROM  customers     []
[SQL_LOG:2024-09-11 14:42:25]:  SELECT  session_id, user_id, created_at, is_active FROM  sessions  WHERE  user_type = ?     [customer]
[SQL_LOG:2024-09-11 14:42:26]:  SELECT  client_id, username, first_name, last_name, first_name_kana, last_name_kana, company_name, email, phone_number, sex, zip, pref, city, pref, town, website, regist_at, is_deleted  FROM  clients     []
[SQL_LOG:2024-09-11 14:42:26]:  SELECT  session_id, user_id, created_at, is_active FROM  sessions  WHERE  user_type = ?     [client]
[SQL_LOG:2024-09-11 14:42:26]:  SELECT  customer_id, username, first_name, last_name, first_name_kana, last_name_kana, email, phone_number, sex, zip, pref, city, pref, town, regist_at, is_deleted  FROM  customers     []
[SQL_LOG:2024-09-11 14:42:26]:  SELECT  session_id, user_id, created_at, is_active FROM  sessions  WHERE  user_type = ?     [customer]
[SQL_LOG:2024-09-11 14:44:20]:  SELECT  client_id, username, first_name, last_name, first_name_kana, last_name_kana, company_name, email, phone_number, sex, zip, pref, city, pref, town, website, regist_at, is_deleted  FROM  clients     []
[SQL_LOG:2024-09-11 14:44:20]:  SELECT  session_id, user_id, created_at, is_active FROM  sessions  WHERE  user_type = ?     [client]
[SQL_LOG:2024-09-11 14:44:20]:  SELECT  customer_id, username, first_name, last_name, first_name_kana, last_name_kana, email, phone_number, sex, zip, pref, city, pref, town, regist_at, is_deleted  FROM  customers     []
[SQL_LOG:2024-09-11 14:44:20]:  SELECT  session_id, user_id, created_at, is_active FROM  sessions  WHERE  user_type = ?     [customer]
[SQL_LOG:2024-09-11 14:44:41]:  SELECT  client_id, username, first_name, last_name, first_name_kana, last_name_kana, company_name, email, phone_number, sex, zip, pref, city, pref, town, website, regist_at, is_deleted  FROM  clients     []
[SQL_LOG:2024-09-11 14:44:41]:  SELECT  session_id, user_id, created_at, is_active FROM  sessions  WHERE  user_type = ?     [client]
[SQL_LOG:2024-09-11 14:44:41]:  SELECT  customer_id, username, first_name, last_name, first_name_kana, last_name_kana, email, phone_number, sex, zip, pref, city, pref, town, regist_at, is_deleted  FROM  customers     []
[SQL_LOG:2024-09-11 14:44:41]:  SELECT  session_id, user_id, created_at, is_active FROM  sessions  WHERE  user_type = ?     [customer]
[SQL_LOG:2024-09-11 14:44:42]:  SELECT  client_id, username, first_name, last_name, first_name_kana, last_name_kana, company_name, email, phone_number, sex, zip, pref, city, pref, town, website, regist_at, is_deleted  FROM  clients     []
[SQL_LOG:2024-09-11 14:44:42]:  SELECT  session_id, user_id, created_at, is_active FROM  sessions  WHERE  user_type = ?     [client]
[SQL_LOG:2024-09-11 14:44:42]:  SELECT  customer_id, username, first_name, last_name, first_name_kana, last_name_kana, email, phone_number, sex, zip, pref, city, pref, town, regist_at, is_deleted  FROM  customers     []
[SQL_LOG:2024-09-11 14:44:42]:  SELECT  session_id, user_id, created_at, is_active FROM  sessions  WHERE  user_type = ?     [customer]
[SQL_LOG:2024-09-11 14:44:43]:  SELECT  client_id, username, first_name, last_name, first_name_kana, last_name_kana, company_name, email, phone_number, sex, zip, pref, city, pref, town, website, regist_at, is_deleted  FROM  clients     []
[SQL_LOG:2024-09-11 14:44:43]:  SELECT  session_id, user_id, created_at, is_active FROM  sessions  WHERE  user_type = ?     [client]
[SQL_LOG:2024-09-11 14:44:43]:  SELECT  customer_id, username, first_name, last_name, first_name_kana, last_name_kana, email, phone_number, sex, zip, pref, city, pref, town, regist_at, is_deleted  FROM  customers     []
[SQL_LOG:2024-09-11 14:44:43]:  SELECT  session_id, user_id, created_at, is_active FROM  sessions  WHERE  user_type = ?     [customer]
[SQL_LOG:2024-09-11 14:48:34]:  SELECT  client_id, username, first_name, last_name, first_name_kana, last_name_kana, company_name, email, phone_number, sex, zip, pref, city, pref, town, website, regist_at, is_deleted  FROM  clients     []
[SQL_LOG:2024-09-11 14:48:34]:  SELECT  session_id, user_id, created_at, is_active FROM  sessions  WHERE  user_type = ?     [client]
[SQL_LOG:2024-09-11 14:48:34]:  SELECT  customer_id, username, first_name, last_name, first_name_kana, last_name_kana, email, phone_number, sex, zip, pref, city, pref, town, regist_at, is_deleted  FROM  customers     []
[SQL_LOG:2024-09-11 14:48:34]:  SELECT  session_id, user_id, created_at, is_active FROM  sessions  WHERE  user_type = ?     [customer]
[SQL_LOG:2024-09-11 14:48:35]:  SELECT  client_id, username, first_name, last_name, first_name_kana, last_name_kana, company_name, email, phone_number, sex, zip, pref, city, pref, town, website, regist_at, is_deleted  FROM  clients     []
[SQL_LOG:2024-09-11 14:48:35]:  SELECT  session_id, user_id, created_at, is_active FROM  sessions  WHERE  user_type = ?     [client]
[SQL_LOG:2024-09-11 14:48:35]:  SELECT  customer_id, username, first_name, last_name, first_name_kana, last_name_kana, email, phone_number, sex, zip, pref, city, pref, town, regist_at, is_deleted  FROM  customers     []
[SQL_LOG:2024-09-11 14:48:35]:  SELECT  session_id, user_id, created_at, is_active FROM  sessions  WHERE  user_type = ?     [customer]
[SQL_LOG:2024-09-11 14:48:36]:  SELECT  client_id, username, first_name, last_name, first_name_kana, last_name_kana, company_name, email, phone_number, sex, zip, pref, city, pref, town, website, regist_at, is_deleted  FROM  clients     []
[SQL_LOG:2024-09-11 14:48:36]:  SELECT  session_id, user_id, created_at, is_active FROM  sessions  WHERE  user_type = ?     [client]
[SQL_LOG:2024-09-11 14:48:36]:  SELECT  customer_id, username, first_name, last_name, first_name_kana, last_name_kana, email, phone_number, sex, zip, pref, city, pref, town, regist_at, is_deleted  FROM  customers     []
[SQL_LOG:2024-09-11 14:48:36]:  SELECT  session_id, user_id, created_at, is_active FROM  sessions  WHERE  user_type = ?     [customer]
[SQL_LOG:2024-09-11 14:48:54]:  SELECT  client_id, username, first_name, last_name, first_name_kana, last_name_kana, company_name, email, phone_number, sex, zip, pref, city, pref, town, website, regist_at, is_deleted  FROM  clients     []
[SQL_LOG:2024-09-11 14:48:54]:  SELECT  session_id, user_id, created_at, is_active FROM  sessions  WHERE  user_type = ?     [client]
[SQL_LOG:2024-09-11 14:48:54]:  SELECT  customer_id, username, first_name, last_name, first_name_kana, last_name_kana, email, phone_number, sex, zip, pref, city, pref, town, regist_at, is_deleted  FROM  customers     []
[SQL_LOG:2024-09-11 14:48:54]:  SELECT  session_id, user_id, created_at, is_active FROM  sessions  WHERE  user_type = ?     [customer]
[SQL_LOG:2024-09-11 14:52:26]:  SELECT  client_id, username, first_name, last_name, first_name_kana, last_name_kana, company_name, email, phone_number, sex, zip, pref, city, pref, town, website, regist_at, is_deleted  FROM  clients     []
[SQL_LOG:2024-09-11 14:52:26]:  SELECT  session_id, user_id, created_at, is_active FROM  sessions  WHERE  user_type = ?     [client]
[SQL_LOG:2024-09-11 14:52:26]:  SELECT  customer_id, username, first_name, last_name, first_name_kana, last_name_kana, email, phone_number, sex, zip, pref, city, pref, town, regist_at, is_deleted  FROM  customers     []
[SQL_LOG:2024-09-11 14:52:26]:  SELECT  session_id, user_id, created_at, is_active FROM  sessions  WHERE  user_type = ?     [customer]
[SQL_LOG:2024-09-11 14:53:04]:  SELECT  client_id, username, first_name, last_name, first_name_kana, last_name_kana, company_name, email, phone_number, sex, zip, pref, city, pref, town, website, regist_at, is_deleted  FROM  clients     []
[SQL_LOG:2024-09-11 14:53:04]:  SELECT  session_id, user_id, created_at, is_active FROM  sessions  WHERE  user_type = ?     [client]
[SQL_LOG:2024-09-11 14:53:04]:  SELECT  customer_id, username, first_name, last_name, first_name_kana, last_name_kana, email, phone_number, sex, zip, pref, city, pref, town, regist_at, is_deleted  FROM  customers     []
[SQL_LOG:2024-09-11 14:53:04]:  SELECT  session_id, user_id, created_at, is_active FROM  sessions  WHERE  user_type = ?     [customer]
[SQL_LOG:2024-09-11 14:53:22]:  SELECT  client_id, username, first_name, last_name, first_name_kana, last_name_kana, company_name, email, phone_number, sex, zip, pref, city, pref, town, website, regist_at, is_deleted  FROM  clients     []
[SQL_LOG:2024-09-11 14:53:22]:  SELECT  session_id, user_id, created_at, is_active FROM  sessions  WHERE  user_type = ?     [client]
[SQL_LOG:2024-09-11 14:53:22]:  SELECT  customer_id, username, first_name, last_name, first_name_kana, last_name_kana, email, phone_number, sex, zip, pref, city, pref, town, regist_at, is_deleted  FROM  customers     []
[SQL_LOG:2024-09-11 14:53:22]:  SELECT  session_id, user_id, created_at, is_active FROM  sessions  WHERE  user_type = ?     [customer]
[SQL_LOG:2024-09-11 14:53:33]:  SELECT  client_id, username, first_name, last_name, first_name_kana, last_name_kana, company_name, email, phone_number, sex, zip, pref, city, pref, town, website, regist_at, is_deleted  FROM  clients     []
[SQL_LOG:2024-09-11 14:53:33]:  SELECT  session_id, user_id, created_at, is_active FROM  sessions  WHERE  user_type = ?     [client]
[SQL_LOG:2024-09-11 14:53:33]:  SELECT  customer_id, username, first_name, last_name, first_name_kana, last_name_kana, email, phone_number, sex, zip, pref, city, pref, town, regist_at, is_deleted  FROM  customers     []
[SQL_LOG:2024-09-11 14:53:33]:  SELECT  session_id, user_id, created_at, is_active FROM  sessions  WHERE  user_type = ?     [customer]
[SQL_LOG:2024-09-11 14:53:49]:  SELECT  client_id, username, first_name, last_name, first_name_kana, last_name_kana, company_name, email, phone_number, sex, zip, pref, city, pref, town, website, regist_at, is_deleted  FROM  clients     []
[SQL_LOG:2024-09-11 14:53:49]:  SELECT  session_id, user_id, created_at, is_active FROM  sessions  WHERE  user_type = ?     [client]
[SQL_LOG:2024-09-11 14:53:49]:  SELECT  customer_id, username, first_name, last_name, first_name_kana, last_name_kana, email, phone_number, sex, zip, pref, city, pref, town, regist_at, is_deleted  FROM  customers     []
[SQL_LOG:2024-09-11 14:53:49]:  SELECT  session_id, user_id, created_at, is_active FROM  sessions  WHERE  user_type = ?     [customer]
[SQL_LOG:2024-09-11 14:53:56]:  SELECT  client_id, username, first_name, last_name, first_name_kana, last_name_kana, company_name, email, phone_number, sex, zip, pref, city, pref, town, website, regist_at, is_deleted  FROM  clients     []
[SQL_LOG:2024-09-11 14:53:56]:  SELECT  session_id, user_id, created_at, is_active FROM  sessions  WHERE  user_type = ?     [client]
[SQL_LOG:2024-09-11 14:53:56]:  SELECT  customer_id, username, first_name, last_name, first_name_kana, last_name_kana, email, phone_number, sex, zip, pref, city, pref, town, regist_at, is_deleted  FROM  customers     []
[SQL_LOG:2024-09-11 14:53:56]:  SELECT  session_id, user_id, created_at, is_active FROM  sessions  WHERE  user_type = ?     [customer]
[SQL_LOG:2024-09-11 14:54:02]:  SELECT  client_id, username, first_name, last_name, first_name_kana, last_name_kana, company_name, email, phone_number, sex, zip, pref, city, pref, town, website, regist_at, is_deleted  FROM  clients     []
[SQL_LOG:2024-09-11 14:54:02]:  SELECT  session_id, user_id, created_at, is_active FROM  sessions  WHERE  user_type = ?     [client]
[SQL_LOG:2024-09-11 14:54:02]:  SELECT  customer_id, username, first_name, last_name, first_name_kana, last_name_kana, email, phone_number, sex, zip, pref, city, pref, town, regist_at, is_deleted  FROM  customers     []
[SQL_LOG:2024-09-11 14:54:02]:  SELECT  session_id, user_id, created_at, is_active FROM  sessions  WHERE  user_type = ?     [customer]
[SQL_LOG:2024-09-11 14:54:54]:  SELECT  client_id, username, first_name, last_name, first_name_kana, last_name_kana, company_name, email, phone_number, sex, zip, pref, city, pref, town, website, regist_at, is_deleted  FROM  clients     []
[SQL_LOG:2024-09-11 14:54:54]:  SELECT  session_id, user_id, created_at, is_active FROM  sessions  WHERE  user_type = ?     [client]
[SQL_LOG:2024-09-11 14:54:54]:  SELECT  customer_id, username, first_name, last_name, first_name_kana, last_name_kana, email, phone_number, sex, zip, pref, city, pref, town, regist_at, is_deleted  FROM  customers     []
[SQL_LOG:2024-09-11 14:54:54]:  SELECT  session_id, user_id, created_at, is_active FROM  sessions  WHERE  user_type = ?     [customer]
[SQL_LOG:2024-09-11 14:54:56]:  SELECT  client_id, username, first_name, last_name, first_name_kana, last_name_kana, company_name, email, phone_number, sex, zip, pref, city, pref, town, website, regist_at, is_deleted  FROM  clients     []
[SQL_LOG:2024-09-11 14:54:56]:  SELECT  session_id, user_id, created_at, is_active FROM  sessions  WHERE  user_type = ?     [client]
[SQL_LOG:2024-09-11 14:54:56]:  SELECT  customer_id, username, first_name, last_name, first_name_kana, last_name_kana, email, phone_number, sex, zip, pref, city, pref, town, regist_at, is_deleted  FROM  customers     []
[SQL_LOG:2024-09-11 14:54:56]:  SELECT  session_id, user_id, created_at, is_active FROM  sessions  WHERE  user_type = ?     [customer]
[SQL_LOG:2024-09-11 14:54:56]:  SELECT  client_id, username, first_name, last_name, first_name_kana, last_name_kana, company_name, email, phone_number, sex, zip, pref, city, pref, town, website, regist_at, is_deleted  FROM  clients     []
[SQL_LOG:2024-09-11 14:54:56]:  SELECT  session_id, user_id, created_at, is_active FROM  sessions  WHERE  user_type = ?     [client]
[SQL_LOG:2024-09-11 14:54:56]:  SELECT  customer_id, username, first_name, last_name, first_name_kana, last_name_kana, email, phone_number, sex, zip, pref, city, pref, town, regist_at, is_deleted  FROM  customers     []
[SQL_LOG:2024-09-11 14:54:56]:  SELECT  session_id, user_id, created_at, is_active FROM  sessions  WHERE  user_type = ?     [customer]
[SQL_LOG:2024-09-11 14:54:57]:  SELECT  client_id, username, first_name, last_name, first_name_kana, last_name_kana, company_name, email, phone_number, sex, zip, pref, city, pref, town, website, regist_at, is_deleted  FROM  clients     []
[SQL_LOG:2024-09-11 14:54:57]:  SELECT  session_id, user_id, created_at, is_active FROM  sessions  WHERE  user_type = ?     [client]
[SQL_LOG:2024-09-11 14:54:57]:  SELECT  customer_id, username, first_name, last_name, first_name_kana, last_name_kana, email, phone_number, sex, zip, pref, city, pref, town, regist_at, is_deleted  FROM  customers     []
[SQL_LOG:2024-09-11 14:54:57]:  SELECT  session_id, user_id, created_at, is_active FROM  sessions  WHERE  user_type = ?     [customer]
[SQL_LOG:2024-09-11 15:19:46]:  SELECT  client_id, username, first_name, last_name, first_name_kana, last_name_kana, company_name, email, phone_number, sex, zip, pref, city, pref, town, website, regist_at, is_deleted  FROM  clients     []
[SQL_LOG:2024-09-11 15:19:46]:  SELECT  session_id, user_id, created_at, is_active FROM  sessions  WHERE  user_type = ?     [client]
[SQL_LOG:2024-09-11 15:19:46]:  SELECT  customer_id, username, first_name, last_name, first_name_kana, last_name_kana, email, phone_number, sex, zip, pref, city, pref, town, regist_at, is_deleted  FROM  customers     []
[SQL_LOG:2024-09-11 15:19:46]:  SELECT  session_id, user_id, created_at, is_active FROM  sessions  WHERE  user_type = ?     [customer]
[SQL_LOG:2024-09-11 15:19:55]:  SELECT  client_id, username, first_name, last_name, first_name_kana, last_name_kana, company_name, email, phone_number, sex, zip, pref, city, pref, town, website, regist_at, is_deleted  FROM  clients     []
[SQL_LOG:2024-09-11 15:19:56]:  SELECT  session_id, user_id, created_at, is_active FROM  sessions  WHERE  user_type = ?     [client]
[SQL_LOG:2024-09-11 15:19:56]:  SELECT  customer_id, username, first_name, last_name, first_name_kana, last_name_kana, email, phone_number, sex, zip, pref, city, pref, town, regist_at, is_deleted  FROM  customers     []
[SQL_LOG:2024-09-11 15:19:56]:  SELECT  session_id, user_id, created_at, is_active FROM  sessions  WHERE  user_type = ?     [customer]
[SQL_LOG:2024-09-11 15:19:58]:  UPDATE  sessions  SET is_active =?  WHERE  client_id = ?  [0,2]
[SQL_LOG:2024-09-11 15:19:58]:  SELECT  client_id, username, first_name, last_name, first_name_kana, last_name_kana, company_name, email, phone_number, sex, zip, pref, city, pref, town, website, regist_at, is_deleted  FROM  clients     []
[SQL_LOG:2024-09-11 15:19:58]:  SELECT  session_id, user_id, created_at, is_active FROM  sessions  WHERE  user_type = ?     [client]
[SQL_LOG:2024-09-11 15:19:58]:  SELECT  customer_id, username, first_name, last_name, first_name_kana, last_name_kana, email, phone_number, sex, zip, pref, city, pref, town, regist_at, is_deleted  FROM  customers     []
[SQL_LOG:2024-09-11 15:19:58]:  SELECT  session_id, user_id, created_at, is_active FROM  sessions  WHERE  user_type = ?     [customer]
[SQL_LOG:2024-09-11 15:23:28]:  UPDATE  sessions  SET is_active =?  WHERE  client_id = ?  [0,2]
[SQL_LOG:2024-09-11 15:23:28]:  SELECT  client_id, username, first_name, last_name, first_name_kana, last_name_kana, company_name, email, phone_number, sex, zip, pref, city, pref, town, website, regist_at, is_deleted  FROM  clients     []
[SQL_LOG:2024-09-11 15:23:28]:  SELECT  session_id, user_id, created_at, is_active FROM  sessions  WHERE  user_type = ?     [client]
[SQL_LOG:2024-09-11 15:23:28]:  SELECT  customer_id, username, first_name, last_name, first_name_kana, last_name_kana, email, phone_number, sex, zip, pref, city, pref, town, regist_at, is_deleted  FROM  customers     []
[SQL_LOG:2024-09-11 15:23:28]:  SELECT  session_id, user_id, created_at, is_active FROM  sessions  WHERE  user_type = ?     [customer]
[SQL_LOG:2024-09-11 15:24:05]:  UPDATE  sessions  SET is_active =?  WHERE  client_id = ?  [0,2]
[SQL_LOG:2024-09-11 15:24:05]:  SELECT  client_id, username, first_name, last_name, first_name_kana, last_name_kana, company_name, email, phone_number, sex, zip, pref, city, pref, town, website, regist_at, is_deleted  FROM  clients     []
[SQL_LOG:2024-09-11 15:24:05]:  SELECT  session_id, user_id, created_at, is_active FROM  sessions  WHERE  user_type = ?     [client]
[SQL_LOG:2024-09-11 15:24:05]:  SELECT  customer_id, username, first_name, last_name, first_name_kana, last_name_kana, email, phone_number, sex, zip, pref, city, pref, town, regist_at, is_deleted  FROM  customers     []
[SQL_LOG:2024-09-11 15:24:05]:  SELECT  session_id, user_id, created_at, is_active FROM  sessions  WHERE  user_type = ?     [customer]
[SQL_LOG:2024-09-11 15:24:26]:  UPDATE  sessions  SET is_active =?  WHERE  client_id = ?  [0,2]
[SQL_LOG:2024-09-11 15:24:26]:  SELECT  client_id, username, first_name, last_name, first_name_kana, last_name_kana, company_name, email, phone_number, sex, zip, pref, city, pref, town, website, regist_at, is_deleted  FROM  clients     []
[SQL_LOG:2024-09-11 15:24:26]:  SELECT  session_id, user_id, created_at, is_active FROM  sessions  WHERE  user_type = ?     [client]
[SQL_LOG:2024-09-11 15:24:26]:  SELECT  customer_id, username, first_name, last_name, first_name_kana, last_name_kana, email, phone_number, sex, zip, pref, city, pref, town, regist_at, is_deleted  FROM  customers     []
[SQL_LOG:2024-09-11 15:24:26]:  SELECT  session_id, user_id, created_at, is_active FROM  sessions  WHERE  user_type = ?     [customer]
[SQL_LOG:2024-09-11 15:25:28]:  UPDATE  sessions  SET is_active =?  WHERE  client_id = ?  AND user_type  [0,2,client]
[SQL_LOG:2024-09-11 15:25:28]:  SELECT  client_id, username, first_name, last_name, first_name_kana, last_name_kana, company_name, email, phone_number, sex, zip, pref, city, pref, town, website, regist_at, is_deleted  FROM  clients     []
[SQL_LOG:2024-09-11 15:25:28]:  SELECT  session_id, user_id, created_at, is_active FROM  sessions  WHERE  user_type = ?     [client]
[SQL_LOG:2024-09-11 15:25:28]:  SELECT  customer_id, username, first_name, last_name, first_name_kana, last_name_kana, email, phone_number, sex, zip, pref, city, pref, town, regist_at, is_deleted  FROM  customers     []
[SQL_LOG:2024-09-11 15:25:28]:  SELECT  session_id, user_id, created_at, is_active FROM  sessions  WHERE  user_type = ?     [customer]
[SQL_LOG:2024-09-11 15:25:33]:  UPDATE  sessions  SET is_active =?  WHERE  client_id = ?  AND user_type  [0,2,client]
[SQL_LOG:2024-09-11 15:25:33]:  SELECT  client_id, username, first_name, last_name, first_name_kana, last_name_kana, company_name, email, phone_number, sex, zip, pref, city, pref, town, website, regist_at, is_deleted  FROM  clients     []
[SQL_LOG:2024-09-11 15:25:33]:  SELECT  session_id, user_id, created_at, is_active FROM  sessions  WHERE  user_type = ?     [client]
[SQL_LOG:2024-09-11 15:25:33]:  SELECT  customer_id, username, first_name, last_name, first_name_kana, last_name_kana, email, phone_number, sex, zip, pref, city, pref, town, regist_at, is_deleted  FROM  customers     []
[SQL_LOG:2024-09-11 15:25:33]:  SELECT  session_id, user_id, created_at, is_active FROM  sessions  WHERE  user_type = ?     [customer]
[SQL_LOG:2024-09-11 15:27:02]:  SELECT  client_id, username, first_name, last_name, first_name_kana, last_name_kana, company_name, email, phone_number, sex, zip, pref, city, pref, town, website, regist_at, is_deleted  FROM  clients     []
[SQL_LOG:2024-09-11 15:27:02]:  SELECT  session_id, user_id, created_at, is_active FROM  sessions  WHERE  user_type = ?     [client]
[SQL_LOG:2024-09-11 15:27:02]:  SELECT  customer_id, username, first_name, last_name, first_name_kana, last_name_kana, email, phone_number, sex, zip, pref, city, pref, town, regist_at, is_deleted  FROM  customers     []
[SQL_LOG:2024-09-11 15:27:02]:  SELECT  session_id, user_id, created_at, is_active FROM  sessions  WHERE  user_type = ?     [customer]
[SQL_LOG:2024-09-11 15:27:05]:  UPDATE  sessions  SET is_active =?  WHERE  user_id = ?  AND user_type  [0,2,client]
[SQL_LOG:2024-09-11 15:27:05]:  SELECT  client_id, username, first_name, last_name, first_name_kana, last_name_kana, company_name, email, phone_number, sex, zip, pref, city, pref, town, website, regist_at, is_deleted  FROM  clients     []
[SQL_LOG:2024-09-11 15:27:05]:  SELECT  session_id, user_id, created_at, is_active FROM  sessions  WHERE  user_type = ?     [client]
[SQL_LOG:2024-09-11 15:27:05]:  SELECT  customer_id, username, first_name, last_name, first_name_kana, last_name_kana, email, phone_number, sex, zip, pref, city, pref, town, regist_at, is_deleted  FROM  customers     []
[SQL_LOG:2024-09-11 15:27:05]:  SELECT  session_id, user_id, created_at, is_active FROM  sessions  WHERE  user_type = ?     [customer]
[SQL_LOG:2024-09-11 15:27:47]:  UPDATE  sessions  SET is_active =?  WHERE  user_id = ?  AND user_type  [0,2,client]
[SQL_LOG:2024-09-11 15:27:47]:  SELECT  client_id, username, first_name, last_name, first_name_kana, last_name_kana, company_name, email, phone_number, sex, zip, pref, city, pref, town, website, regist_at, is_deleted  FROM  clients     []
[SQL_LOG:2024-09-11 15:27:47]:  SELECT  session_id, user_id, created_at, is_active FROM  sessions  WHERE  user_type = ?     [client]
[SQL_LOG:2024-09-11 15:27:47]:  SELECT  customer_id, username, first_name, last_name, first_name_kana, last_name_kana, email, phone_number, sex, zip, pref, city, pref, town, regist_at, is_deleted  FROM  customers     []
[SQL_LOG:2024-09-11 15:27:47]:  SELECT  session_id, user_id, created_at, is_active FROM  sessions  WHERE  user_type = ?     [customer]
[SQL_LOG:2024-09-11 15:28:31]:  UPDATE  sessions  SET is_active =?  WHERE  user_id = ?  AND user_type = ?  [0,2,client]
[SQL_LOG:2024-09-11 15:28:31]:  SELECT  client_id, username, first_name, last_name, first_name_kana, last_name_kana, company_name, email, phone_number, sex, zip, pref, city, pref, town, website, regist_at, is_deleted  FROM  clients     []
[SQL_LOG:2024-09-11 15:28:31]:  SELECT  session_id, user_id, created_at, is_active FROM  sessions  WHERE  user_type = ?     [client]
[SQL_LOG:2024-09-11 15:28:31]:  SELECT  customer_id, username, first_name, last_name, first_name_kana, last_name_kana, email, phone_number, sex, zip, pref, city, pref, town, regist_at, is_deleted  FROM  customers     []
[SQL_LOG:2024-09-11 15:28:31]:  SELECT  session_id, user_id, created_at, is_active FROM  sessions  WHERE  user_type = ?     [customer]
[SQL_LOG:2024-09-11 15:31:50]:  SELECT  client_id, username, first_name, last_name, first_name_kana, last_name_kana, company_name, email, phone_number, sex, zip, pref, city, pref, town, website, regist_at, is_deleted  FROM  clients     []
[SQL_LOG:2024-09-11 15:31:50]:  SELECT  session_id, user_id, created_at, is_active FROM  sessions  WHERE  user_type = ?     [client]
[SQL_LOG:2024-09-11 15:31:50]:  SELECT  customer_id, username, first_name, last_name, first_name_kana, last_name_kana, email, phone_number, sex, zip, pref, city, pref, town, regist_at, is_deleted  FROM  customers     []
[SQL_LOG:2024-09-11 15:31:50]:  SELECT  session_id, user_id, created_at, is_active FROM  sessions  WHERE  user_type = ?     [customer]
[SQL_LOG:2024-09-11 15:32:46]:  SELECT  client_id, username, first_name, last_name, first_name_kana, last_name_kana, company_name, email, phone_number, sex, zip, pref, city, pref, town, website, regist_at, is_deleted  FROM  clients     []
[SQL_LOG:2024-09-11 15:32:46]:  SELECT  session_id, user_id, created_at, is_active FROM  sessions  WHERE  user_type = ?     [client]
[SQL_LOG:2024-09-11 15:32:46]:  SELECT  customer_id, username, first_name, last_name, first_name_kana, last_name_kana, email, phone_number, sex, zip, pref, city, pref, town, regist_at, is_deleted  FROM  customers     []
[SQL_LOG:2024-09-11 15:32:46]:  SELECT  session_id, user_id, created_at, is_active FROM  sessions  WHERE  user_type = ?     [customer]
[SQL_LOG:2024-09-11 15:32:51]:  DELETE FROM  clients  WHERE  client_id = ?  [1]
[SQL_LOG:2024-09-11 15:32:51]:  SELECT  client_id, username, first_name, last_name, first_name_kana, last_name_kana, company_name, email, phone_number, sex, zip, pref, city, pref, town, website, regist_at, is_deleted  FROM  clients     []
[SQL_LOG:2024-09-11 15:32:51]:  SELECT  session_id, user_id, created_at, is_active FROM  sessions  WHERE  user_type = ?     [client]
[SQL_LOG:2024-09-11 15:32:51]:  SELECT  customer_id, username, first_name, last_name, first_name_kana, last_name_kana, email, phone_number, sex, zip, pref, city, pref, town, regist_at, is_deleted  FROM  customers     []
[SQL_LOG:2024-09-11 15:32:51]:  SELECT  session_id, user_id, created_at, is_active FROM  sessions  WHERE  user_type = ?     [customer]
[SQL_LOG:2024-09-11 15:32:56]:  SELECT  client_id, username, first_name, last_name, first_name_kana, last_name_kana, company_name, email, phone_number, sex, zip, pref, city, pref, town, website, regist_at, is_deleted  FROM  clients     []
[SQL_LOG:2024-09-11 15:32:56]:  SELECT  session_id, user_id, created_at, is_active FROM  sessions  WHERE  user_type = ?     [client]
[SQL_LOG:2024-09-11 15:32:56]:  SELECT  customer_id, username, first_name, last_name, first_name_kana, last_name_kana, email, phone_number, sex, zip, pref, city, pref, town, regist_at, is_deleted  FROM  customers     []
[SQL_LOG:2024-09-11 15:32:56]:  SELECT  session_id, user_id, created_at, is_active FROM  sessions  WHERE  user_type = ?     [customer]
[SQL_LOG:2024-09-11 15:32:58]:  SELECT  client_id, username, first_name, last_name, first_name_kana, last_name_kana, company_name, email, phone_number, sex, zip, pref, city, pref, town, website, regist_at, is_deleted  FROM  clients     []
[SQL_LOG:2024-09-11 15:32:58]:  SELECT  session_id, user_id, created_at, is_active FROM  sessions  WHERE  user_type = ?     [client]
[SQL_LOG:2024-09-11 15:32:58]:  SELECT  customer_id, username, first_name, last_name, first_name_kana, last_name_kana, email, phone_number, sex, zip, pref, city, pref, town, regist_at, is_deleted  FROM  customers     []
[SQL_LOG:2024-09-11 15:32:58]:  SELECT  session_id, user_id, created_at, is_active FROM  sessions  WHERE  user_type = ?     [customer]
[SQL_LOG:2024-09-11 15:33:19]:  SELECT  client_id, username, first_name, last_name, first_name_kana, last_name_kana, company_name, email, phone_number, sex, zip, pref, city, pref, town, website, regist_at, is_deleted  FROM  clients     []
[SQL_LOG:2024-09-11 15:33:19]:  SELECT  session_id, user_id, created_at, is_active FROM  sessions  WHERE  user_type = ?     [client]
[SQL_LOG:2024-09-11 15:33:19]:  SELECT  customer_id, username, first_name, last_name, first_name_kana, last_name_kana, email, phone_number, sex, zip, pref, city, pref, town, regist_at, is_deleted  FROM  customers     []
[SQL_LOG:2024-09-11 15:33:19]:  SELECT  session_id, user_id, created_at, is_active FROM  sessions  WHERE  user_type = ?     [customer]
[SQL_LOG:2024-09-11 15:33:32]:  SELECT  client_id, username, first_name, last_name, first_name_kana, last_name_kana, company_name, email, phone_number, sex, zip, pref, city, pref, town, website, regist_at, is_deleted  FROM  clients     []
[SQL_LOG:2024-09-11 15:33:32]:  SELECT  session_id, user_id, created_at, is_active FROM  sessions  WHERE  user_type = ?     [client]
[SQL_LOG:2024-09-11 15:33:32]:  SELECT  customer_id, username, first_name, last_name, first_name_kana, last_name_kana, email, phone_number, sex, zip, pref, city, pref, town, regist_at, is_deleted  FROM  customers     []
[SQL_LOG:2024-09-11 15:33:32]:  SELECT  session_id, user_id, created_at, is_active FROM  sessions  WHERE  user_type = ?     [customer]
[SQL_LOG:2024-09-11 15:34:59]:  SELECT  client_id, username, first_name, last_name, first_name_kana, last_name_kana, company_name, email, phone_number, sex, zip, pref, city, pref, town, website, regist_at, is_deleted  FROM  clients     []
[SQL_LOG:2024-09-11 15:34:59]:  SELECT  session_id, user_id, created_at, is_active FROM  sessions  WHERE  user_type = ?     [client]
[SQL_LOG:2024-09-11 15:34:59]:  SELECT  customer_id, username, first_name, last_name, first_name_kana, last_name_kana, email, phone_number, sex, zip, pref, city, pref, town, regist_at, is_deleted  FROM  customers     []
[SQL_LOG:2024-09-11 15:34:59]:  SELECT  session_id, user_id, created_at, is_active FROM  sessions  WHERE  user_type = ?     [customer]
[SQL_LOG:2024-09-11 15:35:15]:  SELECT  client_id, username, first_name, last_name, first_name_kana, last_name_kana, company_name, email, phone_number, sex, zip, pref, city, pref, town, website, regist_at, is_deleted  FROM  clients     []
[SQL_LOG:2024-09-11 15:35:15]:  SELECT  session_id, user_id, created_at, is_active FROM  sessions  WHERE  user_type = ?     [client]
[SQL_LOG:2024-09-11 15:35:15]:  SELECT  customer_id, username, first_name, last_name, first_name_kana, last_name_kana, email, phone_number, sex, zip, pref, city, pref, town, regist_at, is_deleted  FROM  customers     []
[SQL_LOG:2024-09-11 15:35:15]:  SELECT  session_id, user_id, created_at, is_active FROM  sessions  WHERE  user_type = ?     [customer]
[SQL_LOG:2024-09-11 15:35:19]:  DELETE FROM  customers  WHERE  customer_id = ?  [1]
[SQL_LOG:2024-09-11 15:35:19]:  SELECT  client_id, username, first_name, last_name, first_name_kana, last_name_kana, company_name, email, phone_number, sex, zip, pref, city, pref, town, website, regist_at, is_deleted  FROM  clients     []
[SQL_LOG:2024-09-11 15:35:19]:  SELECT  session_id, user_id, created_at, is_active FROM  sessions  WHERE  user_type = ?     [client]
[SQL_LOG:2024-09-11 15:35:19]:  SELECT  customer_id, username, first_name, last_name, first_name_kana, last_name_kana, email, phone_number, sex, zip, pref, city, pref, town, regist_at, is_deleted  FROM  customers     []
[SQL_LOG:2024-09-11 15:35:19]:  SELECT  session_id, user_id, created_at, is_active FROM  sessions  WHERE  user_type = ?     [customer]
[SQL_LOG:2024-09-11 15:35:21]:  DELETE FROM  customers  WHERE  customer_id = ?  [1]
[SQL_LOG:2024-09-11 15:35:21]:  SELECT  client_id, username, first_name, last_name, first_name_kana, last_name_kana, company_name, email, phone_number, sex, zip, pref, city, pref, town, website, regist_at, is_deleted  FROM  clients     []
[SQL_LOG:2024-09-11 15:35:21]:  SELECT  session_id, user_id, created_at, is_active FROM  sessions  WHERE  user_type = ?     [client]
[SQL_LOG:2024-09-11 15:35:21]:  SELECT  customer_id, username, first_name, last_name, first_name_kana, last_name_kana, email, phone_number, sex, zip, pref, city, pref, town, regist_at, is_deleted  FROM  customers     []
[SQL_LOG:2024-09-11 15:35:21]:  SELECT  session_id, user_id, created_at, is_active FROM  sessions  WHERE  user_type = ?     [customer]
[SQL_LOG:2024-09-11 15:35:21]:  DELETE FROM  customers  WHERE  customer_id = ?  [1]
[SQL_LOG:2024-09-11 15:35:21]:  SELECT  client_id, username, first_name, last_name, first_name_kana, last_name_kana, company_name, email, phone_number, sex, zip, pref, city, pref, town, website, regist_at, is_deleted  FROM  clients     []
[SQL_LOG:2024-09-11 15:35:21]:  SELECT  session_id, user_id, created_at, is_active FROM  sessions  WHERE  user_type = ?     [client]
[SQL_LOG:2024-09-11 15:35:21]:  SELECT  customer_id, username, first_name, last_name, first_name_kana, last_name_kana, email, phone_number, sex, zip, pref, city, pref, town, regist_at, is_deleted  FROM  customers     []
[SQL_LOG:2024-09-11 15:35:21]:  SELECT  session_id, user_id, created_at, is_active FROM  sessions  WHERE  user_type = ?     [customer]
[SQL_LOG:2024-09-11 15:35:22]:  DELETE FROM  customers  WHERE  customer_id = ?  [1]
[SQL_LOG:2024-09-11 15:35:22]:  SELECT  client_id, username, first_name, last_name, first_name_kana, last_name_kana, company_name, email, phone_number, sex, zip, pref, city, pref, town, website, regist_at, is_deleted  FROM  clients     []
[SQL_LOG:2024-09-11 15:35:22]:  SELECT  session_id, user_id, created_at, is_active FROM  sessions  WHERE  user_type = ?     [client]
[SQL_LOG:2024-09-11 15:35:22]:  SELECT  customer_id, username, first_name, last_name, first_name_kana, last_name_kana, email, phone_number, sex, zip, pref, city, pref, town, regist_at, is_deleted  FROM  customers     []
[SQL_LOG:2024-09-11 15:35:22]:  SELECT  session_id, user_id, created_at, is_active FROM  sessions  WHERE  user_type = ?     [customer]
[SQL_LOG:2024-09-11 15:40:56]:  SELECT  client_id, username, first_name, last_name, first_name_kana, last_name_kana, company_name, email, phone_number, sex, zip, pref, city, pref, town, website, regist_at, is_deleted  FROM  clients     []
[SQL_LOG:2024-09-11 15:40:56]:  SELECT  session_id, user_id, created_at, is_active FROM  sessions  WHERE  user_type = ?     [client]
[SQL_LOG:2024-09-11 15:40:56]:  SELECT  customer_id, username, first_name, last_name, first_name_kana, last_name_kana, email, phone_number, sex, zip, pref, city, pref, town, regist_at, is_deleted  FROM  customers     []
[SQL_LOG:2024-09-11 15:40:56]:  SELECT  session_id, user_id, created_at, is_active FROM  sessions  WHERE  user_type = ?     [customer]
[SQL_LOG:2024-09-11 15:42:11]:  SELECT  client_id, username, first_name, last_name, first_name_kana, last_name_kana, company_name, email, phone_number, sex, zip, pref, city, pref, town, website, regist_at, is_deleted  FROM  clients     []
[SQL_LOG:2024-09-11 15:42:11]:  SELECT  session_id, user_id, created_at, is_active FROM  sessions  WHERE  user_type = ?     [client]
[SQL_LOG:2024-09-11 15:42:11]:  SELECT  customer_id, username, first_name, last_name, first_name_kana, last_name_kana, email, phone_number, sex, zip, pref, city, pref, town, regist_at, is_deleted  FROM  customers     []
[SQL_LOG:2024-09-11 15:42:11]:  SELECT  session_id, user_id, created_at, is_active FROM  sessions  WHERE  user_type = ?     [customer]
[SQL_LOG:2024-09-11 15:44:30]:  SELECT  client_id, username, first_name, last_name, first_name_kana, last_name_kana, company_name, email, phone_number, sex, zip, pref, city, pref, town, website, regist_at, is_deleted  FROM  clients     []
[SQL_LOG:2024-09-11 15:44:30]:  SELECT  session_id, user_id, created_at, is_active FROM  sessions  WHERE  user_type = ?     [client]
[SQL_LOG:2024-09-11 15:44:30]:  SELECT  customer_id, username, first_name, last_name, first_name_kana, last_name_kana, email, phone_number, sex, zip, pref, city, pref, town, regist_at, is_deleted  FROM  customers     []
[SQL_LOG:2024-09-11 15:44:30]:  SELECT  session_id, user_id, created_at, is_active FROM  sessions  WHERE  user_type = ?     [customer]
[SQL_LOG:2024-09-11 15:45:08]:  SELECT  client_id, username, first_name, last_name, first_name_kana, last_name_kana, company_name, email, phone_number, sex, zip, pref, city, pref, town, website, regist_at, is_deleted  FROM  clients     []
[SQL_LOG:2024-09-11 15:45:08]:  SELECT  session_id, user_id, created_at, is_active FROM  sessions  WHERE  user_type = ?     [client]
[SQL_LOG:2024-09-11 15:45:08]:  SELECT  customer_id, username, first_name, last_name, first_name_kana, last_name_kana, email, phone_number, sex, zip, pref, city, pref, town, regist_at, is_deleted  FROM  customers     []
[SQL_LOG:2024-09-11 15:45:08]:  SELECT  session_id, user_id, created_at, is_active FROM  sessions  WHERE  user_type = ?     [customer]
[SQL_LOG:2024-09-11 15:45:16]:  SELECT COUNT(*) AS NUM  FROM  upload_photos  WHERE  is_examined = ?     [0]
[SQL_LOG:2024-09-11 15:45:16]:  SELECT COUNT(*) AS NUM  FROM  sessions  WHERE  is_active = ?     [1]
[SQL_LOG:2024-09-11 18:04:50]:  SELECT  category_id, category, img_url  FROM  category     []
[SQL_LOG:2024-09-11 18:04:50]:  SELECT  photo_id, photo_title, photo_url, sample_url FROM  upload_photos up  WHERE  category = ? AND is_deleted = ? AND is_examined = ?     [0,0,1]
[SQL_LOG:2024-09-11 18:05:03]:  SELECT  category_id, category, img_url  FROM  category     []
[SQL_LOG:2024-09-11 18:05:03]:  SELECT  photo_id, photo_title, photo_url, sample_url FROM  upload_photos up  WHERE  category = ? AND is_deleted = ? AND is_examined = ?     [0,0,1]
[SQL_LOG:2024-09-11 18:05:58]:  SELECT  category_id, category, img_url  FROM  category     []
[SQL_LOG:2024-09-11 18:05:58]:  SELECT  photo_id, photo_title, photo_url, sample_url FROM  upload_photos up  WHERE  category = ? AND is_deleted = ? AND is_examined = ?     [0,0,1]
[SQL_LOG:2024-09-11 18:06:01]:  SELECT  category_id, category, img_url  FROM  category     []
[SQL_LOG:2024-09-11 18:06:01]:  SELECT  photo_id, photo_title, photo_url, sample_url FROM  upload_photos up  WHERE  is_deleted = ? AND is_examined = ?     [0,1]
[SQL_LOG:2024-09-11 18:06:17]:  SELECT  photo_id, photo_title, c.username, ca.category, tags, sample_url, p.price, upload_at  FROM  upload_photos up JOIN clients c ON up.client_id = c.client_id JOIN price p ON up.price = p.price_id JOIN category ca ON up.category = ca.category_id  WHERE  photo_id = ?     [1]
[SQL_LOG:2024-09-11 18:06:22]:  SELECT  category_id, category, img_url  FROM  category     []
[SQL_LOG:2024-09-11 18:06:22]:  SELECT  photo_id, photo_title, photo_url, sample_url FROM  upload_photos up  WHERE  is_deleted = ? AND is_examined = ?     [0,1]
[SQL_LOG:2024-09-11 18:06:54]:  SELECT  category_id, category, img_url  FROM  category     []
[SQL_LOG:2024-09-11 18:06:54]:  SELECT  photo_id, photo_title, photo_url, sample_url FROM  upload_photos up  WHERE  is_deleted = ? AND is_examined = ?     [0,1]
[SQL_LOG:2024-09-11 18:07:59]:  SELECT  category_id, category, img_url  FROM  category     []
[SQL_LOG:2024-09-11 18:07:59]:  SELECT  photo_id, photo_title, photo_url, sample_url FROM  upload_photos up  WHERE  is_deleted = ? AND is_examined = ?     [0,1]
[SQL_LOG:2024-09-11 18:11:43]:  SELECT  photo_id, photo_title, c.username, ca.category, tags, sample_url, p.price, upload_at  FROM  upload_photos up JOIN clients c ON up.client_id = c.client_id JOIN price p ON up.price = p.price_id JOIN category ca ON up.category = ca.category_id  WHERE  photo_id = ?     [2]
[SQL_LOG:2024-09-11 18:12:53]:  SELECT  category_id, category, img_url  FROM  category     []
[SQL_LOG:2024-09-11 18:12:53]:  SELECT  photo_id, photo_title, photo_url, sample_url FROM  upload_photos up  WHERE  is_deleted = ? AND is_examined = ?     [0,1]
[SQL_LOG:2024-09-11 18:12:54]:  SELECT  photo_id, photo_title, c.username, ca.category, tags, sample_url, p.price, upload_at  FROM  upload_photos up JOIN clients c ON up.client_id = c.client_id JOIN price p ON up.price = p.price_id JOIN category ca ON up.category = ca.category_id  WHERE  photo_id = ?     [1]
[SQL_LOG:2024-09-11 18:14:56]:  SELECT  category_id, category, img_url  FROM  category     []
[SQL_LOG:2024-09-11 18:14:56]:  SELECT  photo_id, photo_title, photo_url, sample_url FROM  upload_photos up  WHERE  is_deleted = ? AND is_examined = ?     [0,1]
[SQL_LOG:2024-09-11 18:14:57]:  SELECT  photo_id, photo_title, c.username, ca.category, tags, sample_url, p.price, upload_at  FROM  upload_photos up JOIN clients c ON up.client_id = c.client_id JOIN price p ON up.price = p.price_id JOIN category ca ON up.category = ca.category_id  WHERE  photo_id = ?     [1]
[SQL_LOG:2024-09-11 18:15:18]:  SELECT  photo_id, photo_title, c.username, ca.category, tags, sample_url, p.price, upload_at  FROM  upload_photos up JOIN clients c ON up.client_id = c.client_id JOIN price p ON up.price = p.price_id JOIN category ca ON up.category = ca.category_id  WHERE  photo_id = ?     [1]
[SQL_LOG:2024-09-11 18:20:46]:  SELECT  photo_id, photo_title, c.username, ca.category, tags, sample_url, p.price, upload_at  FROM  upload_photos up JOIN clients c ON up.client_id = c.client_id JOIN price p ON up.price = p.price_id JOIN category ca ON up.category = ca.category_id  WHERE  photo_id = ?     [1]
[SQL_LOG:2024-09-11 18:20:58]:  SELECT  photo_id, photo_title, c.username, ca.category, tags, sample_url, p.price, upload_at  FROM  upload_photos up JOIN clients c ON up.client_id = c.client_id JOIN price p ON up.price = p.price_id JOIN category ca ON up.category = ca.category_id  WHERE  photo_id = ?     [1]
[SQL_LOG:2024-09-11 18:23:24]:  SELECT  photo_id, photo_title, c.username, ca.category, tags, sample_url, p.price, upload_at  FROM  upload_photos up JOIN clients c ON up.client_id = c.client_id JOIN price p ON up.price = p.price_id JOIN category ca ON up.category = ca.category_id  WHERE  photo_id = ?     [1]
[SQL_LOG:2024-09-11 18:23:44]:  SELECT  photo_id, photo_title, c.username, ca.category, tags, sample_url, p.price, upload_at  FROM  upload_photos up JOIN clients c ON up.client_id = c.client_id JOIN price p ON up.price = p.price_id JOIN category ca ON up.category = ca.category_id  WHERE  photo_id = ?     [1]
[SQL_LOG:2024-09-11 18:25:06]:  SELECT  photo_id, photo_title, c.username, ca.category, tags, sample_url, p.price, upload_at  FROM  upload_photos up JOIN clients c ON up.client_id = c.client_id JOIN price p ON up.price = p.price_id JOIN category ca ON up.category = ca.category_id  WHERE  photo_id = ?     [1]
[SQL_LOG:2024-09-11 18:25:10]:  SELECT  photo_id, photo_title, c.username, ca.category, tags, sample_url, p.price, upload_at  FROM  upload_photos up JOIN clients c ON up.client_id = c.client_id JOIN price p ON up.price = p.price_id JOIN category ca ON up.category = ca.category_id  WHERE  photo_id = ?     [1]
[SQL_LOG:2024-09-11 18:25:14]:  SELECT  photo_id, photo_title, c.username, ca.category, tags, sample_url, p.price, upload_at  FROM  upload_photos up JOIN clients c ON up.client_id = c.client_id JOIN price p ON up.price = p.price_id JOIN category ca ON up.category = ca.category_id     []
[SQL_LOG:2024-09-11 18:25:22]:  SELECT  photo_id, photo_title, c.username, ca.category, tags, sample_url, p.price, upload_at  FROM  upload_photos up JOIN clients c ON up.client_id = c.client_id JOIN price p ON up.price = p.price_id JOIN category ca ON up.category = ca.category_id  WHERE  photo_id = ?     [1]
[SQL_LOG:2024-09-11 18:25:26]:  SELECT  photo_id, photo_title, c.username, ca.category, tags, sample_url, p.price, upload_at  FROM  upload_photos up JOIN clients c ON up.client_id = c.client_id JOIN price p ON up.price = p.price_id JOIN category ca ON up.category = ca.category_id  WHERE  photo_id = ?     [1]
[SQL_LOG:2024-09-11 18:27:43]:  SELECT  photo_id, photo_title, c.username, ca.category, tags, sample_url, p.price, upload_at  FROM  upload_photos up JOIN clients c ON up.client_id = c.client_id JOIN price p ON up.price = p.price_id JOIN category ca ON up.category = ca.category_id  WHERE  photo_id = ?     [1]
[SQL_LOG:2024-09-11 18:29:23]:  SELECT  photo_id, photo_title, c.username, ca.category, tags, sample_url, p.price, upload_at  FROM  upload_photos up JOIN clients c ON up.client_id = c.client_id JOIN price p ON up.price = p.price_id JOIN category ca ON up.category = ca.category_id  WHERE  photo_id = ?     [1]
[SQL_LOG:2024-09-11 18:30:28]:  SELECT  photo_id, photo_title, c.username, ca.category, tags, sample_url, p.price, upload_at  FROM  upload_photos up JOIN clients c ON up.client_id = c.client_id JOIN price p ON up.price = p.price_id JOIN category ca ON up.category = ca.category_id  WHERE  photo_id = ?     [1]
[SQL_LOG:2024-09-11 18:31:30]:  SELECT  photo_id, photo_title, c.username, ca.category, tags, sample_url, p.price, upload_at  FROM  upload_photos up JOIN clients c ON up.client_id = c.client_id JOIN price p ON up.price = p.price_id JOIN category ca ON up.category = ca.category_id  WHERE  photo_id = ?     [1]
[SQL_LOG:2024-09-11 18:31:39]:  SELECT  photo_id, photo_title, c.username, ca.category, tags, sample_url, p.price, upload_at  FROM  upload_photos up JOIN clients c ON up.client_id = c.client_id JOIN price p ON up.price = p.price_id JOIN category ca ON up.category = ca.category_id  WHERE  photo_id = ?     [5]
[SQL_LOG:2024-09-11 18:31:42]:  DELETE FROM  upload_photos  WHERE  photo_id = ?  [5]
[SQL_LOG:2024-09-11 18:31:42]:  SELECT  photo_id, photo_title, c.username, ca.category, tags, sample_url, p.price, upload_at  FROM  upload_photos up JOIN clients c ON up.client_id = c.client_id JOIN price p ON up.price = p.price_id JOIN category ca ON up.category = ca.category_id  WHERE  photo_id = ?     [5]
[SQL_LOG:2024-09-11 18:33:32]:  SELECT COUNT(*) AS NUM  FROM  upload_photos  WHERE  is_examined = ?     [0]
[SQL_LOG:2024-09-11 18:33:32]:  SELECT COUNT(*) AS NUM  FROM  sessions  WHERE  is_active = ?     [1]
[SQL_LOG:2024-09-11 18:33:34]:  SELECT  category_id, category, img_url  FROM  category     []
[SQL_LOG:2024-09-11 18:33:34]:  SELECT  photo_id, photo_title, photo_url, sample_url FROM  upload_photos up  WHERE  is_deleted = ? AND is_examined = ?     [0,1]
